<?xml version="1.0" encoding="UTF-8"?>
<!-- Generated by org.testng.reporters.JUnitXMLReporter -->
<testsuite ignored="3" hostname="PS-WIN-LP-462" failures="0" tests="3" name="Multi Language Test" time="7.022" errors="0" timestamp="2023-11-23T18:50:00 IST">
  <testcase classname="MutliLangTests.HomePageTest" name="cartButtonLabelTest" time="0.191"/>
  <testcase classname="MutliLangTests.HomePageTest" name="searchMobileTest" time="1.78"/>
  <testcase classname="MutliLangTests.SignInPageTest" name="signInEmailLabelTest" time="0.75"/>
  <testcase classname="MutliLangTests.BaseTest" name="@BeforeSuite initializationBeforeSuite" time="0.0">
    <ignored/>
  </testcase> <!-- @BeforeSuite initializationBeforeSuite -->
  <testcase classname="MutliLangTests.BaseTest" name="@AfterSuite tearDownAfterSuite" time="0.0">
    <ignored/>
  </testcase> <!-- @AfterSuite tearDownAfterSuite -->
  <testcase classname="MutliLangTests.BaseTest" name="@BeforeTest setupBeforeTest" time="0.0">
    <ignored/>
  </testcase> <!-- @BeforeTest setupBeforeTest -->
</testsuite> <!-- Multi Language Test -->
