<?xml version="1.0" encoding="UTF-8"?>
<testsuite xmlns:xsi="http://www.w3.org/2001/XMLSchema-instance" xsi:noNamespaceSchemaLocation="https://maven.apache.org/surefire/maven-surefire-plugin/xsd/surefire-test-report-3.0.xsd" version="3.0" name="TestSuite" time="8.537" tests="1" errors="0" skipped="0" failures="0">
  <properties>
[...]
</properties>
  <testcase name="cartButtonLabelTest" classname="MutliLangTests.HomePageTest" time="0.206">
    <system-out><![CDATA[Log Initialized
17:42:11.494 INFO  - Step-1 [[DriverFactory:initDriver]] - Browser Name is : [chrome]
17:42:14.062 INFO  - Step-2 [[Base Test:initializationBeforeSuite]] - Initalized log, report, browser instance
17:42:14.066 INFO  - Step-3 [[LanguageFileReader:initLangFile]] - Language Name is : [english]
17:42:14.068 INFO  - Step-4 [[LanguageFileReader:initLangFile]] - Language File is Initialized
17:42:18.141 INFO  - Step-5 [[DriverFactory:launchApplication]] - Application is launched
17:42:18.141 INFO  - Step-6 [[Base Test:setupBeforeTest]] - Property file loaded
17:42:18.188 INFO  - Step-1 [[HomePageTest:cartButtonLabelTest]] - Test Case 1: STARTED
17:42:18.220 INFO  - Step-2 [[UnicodeConverter:UnicodeToStringConverter]] - Unicode [\u0043\u0061\u0072\u0074] Converted to String [Cart]
17:42:18.396 INFO  - Step-3 [[HomePage:verifyCartBtnExist]] - Verify actual cart name: [Cart] with expected cart name: [Cart] is present
]]></system-out>
    <system-err><![CDATA[SLF4J: Failed to load class "org.slf4j.impl.StaticLoggerBinder".
SLF4J: Defaulting to no-operation (NOP) logger implementation
SLF4J: See http://www.slf4j.org/codes.html#StaticLoggerBinder for further details.
]]></system-err>
  </testcase>
</testsuite>