<?xml version="1.0" encoding="UTF-8"?>
<testng-results ignored="0" total="3" passed="3" failed="0" skipped="0">
  <reporter-output>
  </reporter-output>
  <suite started-at="2023-11-23T18:49:53 IST" name="Suite" finished-at="2023-11-23T18:50:00 IST" duration-ms="7022">
    <groups>
      <group name="English">
        <method signature="HomePageTest.cartButtonLabelTest()[pri:1, instance:MutliLangTests.HomePageTest@32502377]" name="cartButtonLabelTest" class="MutliLangTests.HomePageTest"/>
        <method signature="SignInPageTest.signInEmailLabelTest()[pri:1, instance:MutliLangTests.SignInPageTest@23c30a20]" name="signInEmailLabelTest" class="MutliLangTests.SignInPageTest"/>
      </group> <!-- English -->
      <group name="French">
        <method signature="HomePageTest.cartButtonLabelTest()[pri:1, instance:MutliLangTests.HomePageTest@32502377]" name="cartButtonLabelTest" class="MutliLangTests.HomePageTest"/>
        <method signature="SignInPageTest.signInEmailLabelTest()[pri:1, instance:MutliLangTests.SignInPageTest@23c30a20]" name="signInEmailLabelTest" class="MutliLangTests.SignInPageTest"/>
      </group> <!-- French -->
      <group name="Arabic">
        <method signature="HomePageTest.cartButtonLabelTest()[pri:1, instance:MutliLangTests.HomePageTest@32502377]" name="cartButtonLabelTest" class="MutliLangTests.HomePageTest"/>
        <method signature="SignInPageTest.signInEmailLabelTest()[pri:1, instance:MutliLangTests.SignInPageTest@23c30a20]" name="signInEmailLabelTest" class="MutliLangTests.SignInPageTest"/>
      </group> <!-- Arabic -->
      <group name="Regression">
        <method signature="HomePageTest.cartButtonLabelTest()[pri:1, instance:MutliLangTests.HomePageTest@32502377]" name="cartButtonLabelTest" class="MutliLangTests.HomePageTest"/>
        <method signature="SignInPageTest.signInEmailLabelTest()[pri:1, instance:MutliLangTests.SignInPageTest@23c30a20]" name="signInEmailLabelTest" class="MutliLangTests.SignInPageTest"/>
      </group> <!-- Regression -->
      <group name="Chinese">
        <method signature="HomePageTest.cartButtonLabelTest()[pri:1, instance:MutliLangTests.HomePageTest@32502377]" name="cartButtonLabelTest" class="MutliLangTests.HomePageTest"/>
        <method signature="SignInPageTest.signInEmailLabelTest()[pri:1, instance:MutliLangTests.SignInPageTest@23c30a20]" name="signInEmailLabelTest" class="MutliLangTests.SignInPageTest"/>
      </group> <!-- Chinese -->
      <group name="Hindi">
        <method signature="HomePageTest.cartButtonLabelTest()[pri:1, instance:MutliLangTests.HomePageTest@32502377]" name="cartButtonLabelTest" class="MutliLangTests.HomePageTest"/>
        <method signature="SignInPageTest.signInEmailLabelTest()[pri:1, instance:MutliLangTests.SignInPageTest@23c30a20]" name="signInEmailLabelTest" class="MutliLangTests.SignInPageTest"/>
      </group> <!-- Hindi -->
      <group name="Smoke">
        <method signature="HomePageTest.searchMobileTest()[pri:2, instance:MutliLangTests.HomePageTest@32502377]" name="searchMobileTest" class="MutliLangTests.HomePageTest"/>
      </group> <!-- Smoke -->
    </groups>
    <test started-at="2023-11-23T18:49:53 IST" name="Multi Language Test" finished-at="2023-11-23T18:50:00 IST" duration-ms="7022">
      <class name="MutliLangTests.SignInPageTest">
        <test-method is-config="true" signature="createInstance()[pri:0, instance:MutliLangTests.SignInPageTest@23c30a20]" started-at="2023-11-23T18:49:59 IST" name="createInstance" finished-at="2023-11-23T18:49:59 IST" duration-ms="2" status="PASS">
          <reporter-output>
          </reporter-output>
        </test-method> <!-- createInstance -->
        <test-method is-config="true" signature="setupBeforeMethod(java.lang.reflect.Method)[pri:0, instance:MutliLangTests.SignInPageTest@23c30a20]" started-at="2023-11-23T18:49:59 IST" name="setupBeforeMethod" finished-at="2023-11-23T18:49:59 IST" duration-ms="0" status="PASS">
          <params>
            <param index="0">
              <value>
                <![CDATA[public void MutliLangTests.SignInPageTest.signInEmailLabelTest() throws java.lang.InterruptedException,java.net.URISyntaxException,java.io.IOException]]>
              </value>
            </param>
          </params>
          <reporter-output>
          </reporter-output>
        </test-method> <!-- setupBeforeMethod -->
        <test-method signature="signInEmailLabelTest()[pri:1, instance:MutliLangTests.SignInPageTest@23c30a20]" started-at="2023-11-23T18:49:59 IST" name="signInEmailLabelTest" finished-at="2023-11-23T18:50:00 IST" duration-ms="750" status="PASS">
          <reporter-output>
          </reporter-output>
        </test-method> <!-- signInEmailLabelTest -->
        <test-method is-config="true" signature="addTestResult(org.testng.ITestResult)[pri:0, instance:MutliLangTests.SignInPageTest@23c30a20]" started-at="2023-11-23T18:50:00 IST" name="addTestResult" finished-at="2023-11-23T18:50:00 IST" duration-ms="85" status="PASS">
          <params>
            <param index="0">
              <value>
                <![CDATA[[TestResult name=signInEmailLabelTest status=SUCCESS method=SignInPageTest.signInEmailLabelTest()[pri:1, instance:MutliLangTests.SignInPageTest@23c30a20] output={null}]]]>
              </value>
            </param>
          </params>
          <reporter-output>
          </reporter-output>
        </test-method> <!-- addTestResult -->
      </class> <!-- MutliLangTests.SignInPageTest -->
      <class name="MutliLangTests.HomePageTest">
        <test-method is-config="true" signature="initializationBeforeSuite(java.lang.String)[pri:0, instance:MutliLangTests.HomePageTest@32502377]" started-at="2023-11-23T18:49:51 IST" name="initializationBeforeSuite" finished-at="2023-11-23T18:49:53 IST" duration-ms="2139" status="PASS">
          <params>
            <param index="0">
              <value>
                <![CDATA[Default Browser]]>
              </value>
            </param>
          </params>
          <reporter-output>
          </reporter-output>
        </test-method> <!-- initializationBeforeSuite -->
        <test-method is-config="true" signature="setupBeforeTest(java.lang.String)[pri:0, instance:MutliLangTests.HomePageTest@32502377]" started-at="2023-11-23T18:49:53 IST" name="setupBeforeTest" finished-at="2023-11-23T18:49:57 IST" duration-ms="3865" status="PASS">
          <params>
            <param index="0">
              <value>
                <![CDATA[Default Language]]>
              </value>
            </param>
          </params>
          <reporter-output>
          </reporter-output>
        </test-method> <!-- setupBeforeTest -->
        <test-method is-config="true" signature="createInstance()[pri:0, instance:MutliLangTests.HomePageTest@32502377]" started-at="2023-11-23T18:49:57 IST" name="createInstance" finished-at="2023-11-23T18:49:57 IST" duration-ms="28" status="PASS">
          <reporter-output>
          </reporter-output>
        </test-method> <!-- createInstance -->
        <test-method is-config="true" signature="setupBeforeMethod(java.lang.reflect.Method)[pri:0, instance:MutliLangTests.HomePageTest@32502377]" started-at="2023-11-23T18:49:57 IST" name="setupBeforeMethod" finished-at="2023-11-23T18:49:57 IST" duration-ms="1" status="PASS">
          <params>
            <param index="0">
              <value>
                <![CDATA[public void MutliLangTests.HomePageTest.cartButtonLabelTest() throws java.lang.InterruptedException,java.net.URISyntaxException,java.io.IOException]]>
              </value>
            </param>
          </params>
          <reporter-output>
          </reporter-output>
        </test-method> <!-- setupBeforeMethod -->
        <test-method signature="cartButtonLabelTest()[pri:1, instance:MutliLangTests.HomePageTest@32502377]" started-at="2023-11-23T18:49:57 IST" name="cartButtonLabelTest" finished-at="2023-11-23T18:49:57 IST" duration-ms="191" status="PASS">
          <reporter-output>
          </reporter-output>
        </test-method> <!-- cartButtonLabelTest -->
        <test-method is-config="true" signature="addTestResult(org.testng.ITestResult)[pri:0, instance:MutliLangTests.HomePageTest@32502377]" started-at="2023-11-23T18:49:57 IST" name="addTestResult" finished-at="2023-11-23T18:49:58 IST" duration-ms="196" status="PASS">
          <params>
            <param index="0">
              <value>
                <![CDATA[[TestResult name=cartButtonLabelTest status=SUCCESS method=HomePageTest.cartButtonLabelTest()[pri:1, instance:MutliLangTests.HomePageTest@32502377] output={null}]]]>
              </value>
            </param>
          </params>
          <reporter-output>
          </reporter-output>
        </test-method> <!-- addTestResult -->
        <test-method signature="searchMobileTest()[pri:2, instance:MutliLangTests.HomePageTest@32502377]" started-at="2023-11-23T18:49:58 IST" name="searchMobileTest" finished-at="2023-11-23T18:49:59 IST" duration-ms="1780" status="PASS">
          <reporter-output>
          </reporter-output>
        </test-method> <!-- searchMobileTest -->
        <test-method is-config="true" signature="setupBeforeMethod(java.lang.reflect.Method)[pri:0, instance:MutliLangTests.HomePageTest@32502377]" started-at="2023-11-23T18:49:58 IST" name="setupBeforeMethod" finished-at="2023-11-23T18:49:58 IST" duration-ms="0" status="PASS">
          <params>
            <param index="0">
              <value>
                <![CDATA[public void MutliLangTests.HomePageTest.searchMobileTest() throws java.lang.InterruptedException,java.net.URISyntaxException,java.io.IOException]]>
              </value>
            </param>
          </params>
          <reporter-output>
          </reporter-output>
        </test-method> <!-- setupBeforeMethod -->
        <test-method is-config="true" signature="addTestResult(org.testng.ITestResult)[pri:0, instance:MutliLangTests.HomePageTest@32502377]" started-at="2023-11-23T18:49:59 IST" name="addTestResult" finished-at="2023-11-23T18:49:59 IST" duration-ms="91" status="PASS">
          <params>
            <param index="0">
              <value>
                <![CDATA[[TestResult name=searchMobileTest status=SUCCESS method=HomePageTest.searchMobileTest()[pri:2, instance:MutliLangTests.HomePageTest@32502377] output={null}]]]>
              </value>
            </param>
          </params>
          <reporter-output>
          </reporter-output>
        </test-method> <!-- addTestResult -->
        <test-method is-config="true" signature="tearDownAfterSuite()[pri:0, instance:MutliLangTests.HomePageTest@32502377]" started-at="2023-11-23T18:50:00 IST" name="tearDownAfterSuite" finished-at="2023-11-23T18:50:01 IST" duration-ms="378" status="PASS">
          <reporter-output>
          </reporter-output>
        </test-method> <!-- tearDownAfterSuite -->
      </class> <!-- MutliLangTests.HomePageTest -->
    </test> <!-- Multi Language Test -->
  </suite> <!-- Suite -->
</testng-results>
