<?xml version="1.0" encoding="UTF-8"?>
<testsuite xmlns:xsi="http://www.w3.org/2001/XMLSchema-instance" xsi:noNamespaceSchemaLocation="https://maven.apache.org/surefire/maven-surefire-plugin/xsd/surefire-test-report-3.0.xsd" version="3.0" name="TestSuite" time="10.215" tests="3" errors="0" skipped="0" failures="0">
  <properties>
[...]
</properties>
  <testcase name="cartButtonLabelTest" classname="MutliLangTests.HomePageTest" time="0.191">
    <system-out><![CDATA[Log Initialized
18:49:51.927 INFO  - Step-1 [[DriverFactory:initDriver]] - Browser Name is : [chrome]
18:49:53.696 INFO  - Step-2 [[Base Test:initializationBeforeSuite]] - Initalized log, report, browser instance
18:49:53.702 INFO  - Step-3 [[LanguageFileReader:initLangFile]] - Language Name is : [english]
18:49:53.703 INFO  - Step-4 [[LanguageFileReader:initLangFile]] - Language File is Initialized
18:49:57.565 INFO  - Step-5 [[DriverFactory:launchApplication]] - Application is launched
18:49:57.566 INFO  - Step-6 [[Base Test:setupBeforeTest]] - Property file loaded
18:49:57.614 INFO  - Step-1 [[HomePageTest:cartButtonLabelTest]] - Test Case 1: STARTED
18:49:57.641 INFO  - Step-2 [[UnicodeConverter:UnicodeToStringConverter]] - Unicode [\u0043\u0061\u0072\u0074] Converted to String [Cart]
18:49:57.805 INFO  - Step-3 [[HomePage:verifyCartBtnExist]] - Verify actual cart name: [Cart] with expected cart name: [Cart] is present
]]></system-out>
    <system-err><![CDATA[SLF4J: Failed to load class "org.slf4j.impl.StaticLoggerBinder".
SLF4J: Defaulting to no-operation (NOP) logger implementation
SLF4J: See http://www.slf4j.org/codes.html#StaticLoggerBinder for further details.
]]></system-err>
  </testcase>
  <testcase name="searchMobileTest" classname="MutliLangTests.HomePageTest" time="1.776">
    <system-out><![CDATA[18:49:58.003 INFO  - Step-4 [[Base Test:addTestResult]] - Test Case FINISHED
18:49:58.006 INFO  - Step-1 [[HomePageTest:searchMobileTest]] - Test Case 2: STARTED
18:49:59.653 INFO  - Step-2 [[HomePage:searchMobiles]] - Enter Mobile and Search
18:49:59.656 INFO  - Step-3 [[UnicodeConverter:UnicodeToStringConverter]] - Unicode [\u0052\u0065\u0073\u0075\u006c\u0074\u0073] Converted to String [Results]
18:49:59.786 INFO  - Step-4 [[HomePage:verifyResultLabel]] - Verify actual result text: [Results] with expected result text: [Results] is present
]]></system-out>
  </testcase>
  <testcase name="signInEmailLabelTest" classname="MutliLangTests.SignInPageTest" time="0.746">
    <system-out><![CDATA[18:49:59.878 INFO  - Step-5 [[Base Test:addTestResult]] - Test Case FINISHED
18:49:59.882 INFO  - Step-1 [[SignInPageTest:signInEmailLabelTest]] - Test Case 3: STARTED
18:50:00.569 INFO  - Step-2 [[SignInPage:clickSignInBtn]] - Clicked on Sign In Button
18:50:00.571 INFO  - Step-3 [[UnicodeConverter:UnicodeToStringConverter]] - Unicode [\u0045\u006d\u0061\u0069\u006c\u0020\u006f\u0072\u0020\u006d\u006f\u0062\u0069\u006c\u0065\u0020\u0070\u0068\u006f\u006e\u0065\u0020\u006e\u0075\u006d\u0062\u0065\u0072] Converted to String [Email or mobile phone number]
18:50:00.632 INFO  - Step-4 [[SignInPage:verifyEmailIdLabel]] - Verify actual email text: [Email or mobile phone number] with expected email text: [Email or mobile phone number] is present
]]></system-out>
  </testcase>
</testsuite>